<?xml version="1.0" encoding="UTF-8"?>
<!-- Generated by org.testng.reporters.JUnitXMLReporter -->
<testsuite ignored="0" hostname="john" failures="0" tests="4" name="Default test" time="0.057" errors="0" timestamp="2022-01-09T12:40:19 CST">
  <testcase classname="Common.utility" name="@BeforeMethod Browsers" time="-1.641753619589E9">
    <failure type="org.testng.TestNGException" message="
Parameter &amp;apos;browser&amp;apos; is required by BeforeMethod on method Browsers but has not been marked @Optional or defined
in C:\Users\mmyoh\AppData\Local\Temp\testng-eclipse-1149837048\testng-customsuite.xml">
      <![CDATA[org.testng.TestNGException: 
Parameter 'browser' is required by BeforeMethod on method Browsers but has not been marked @Optional or defined
in C:\Users\mmyoh\AppData\Local\Temp\testng-eclipse-1149837048\testng-customsuite.xml
at org.testng.internal.Parameters.createParams(Parameters.java:270)
at org.testng.internal.Parameters.createParametersForMethod(Parameters.java:358)
at org.testng.internal.Parameters.createParameters(Parameters.java:700)
at org.testng.internal.Parameters.createConfigurationParameters(Parameters.java:168)
at org.testng.internal.ConfigInvoker.invokeConfigurations(ConfigInvoker.java:302)
at org.testng.internal.TestInvoker.runConfigMethods(TestInvoker.java:700)
at org.testng.internal.TestInvoker.invokeMethod(TestInvoker.java:527)
at org.testng.internal.TestInvoker.invokeTestMethod(TestInvoker.java:173)
at org.testng.internal.MethodRunner.runInSequence(MethodRunner.java:46)
at org.testng.internal.TestInvoker$MethodInvocationAgent.invoke(TestInvoker.java:824)
at org.testng.internal.TestInvoker.invokeTestMethods(TestInvoker.java:146)
at org.testng.internal.TestMethodWorker.invokeTestMethods(TestMethodWorker.java:146)
at org.testng.internal.TestMethodWorker.run(TestMethodWorker.java:128)
at java.base/java.util.ArrayList.forEach(ArrayList.java:1541)
at org.testng.TestRunner.privateRun(TestRunner.java:794)
at org.testng.TestRunner.run(TestRunner.java:596)
at org.testng.SuiteRunner.runTest(SuiteRunner.java:377)
at org.testng.SuiteRunner.runSequentially(SuiteRunner.java:371)
at org.testng.SuiteRunner.privateRun(SuiteRunner.java:332)
at org.testng.SuiteRunner.run(SuiteRunner.java:276)
at org.testng.SuiteRunnerWorker.runSuite(SuiteRunnerWorker.java:53)
at org.testng.SuiteRunnerWorker.run(SuiteRunnerWorker.java:96)
at org.testng.TestNG.runSuitesSequentially(TestNG.java:1212)
at org.testng.TestNG.runSuitesLocally(TestNG.java:1134)
at org.testng.TestNG.runSuites(TestNG.java:1063)
at org.testng.TestNG.run(TestNG.java:1031)
at org.testng.remote.AbstractRemoteTestNG.run(AbstractRemoteTestNG.java:115)
at org.testng.remote.RemoteTestNG.initAndRun(RemoteTestNG.java:251)
at org.testng.remote.RemoteTestNG.main(RemoteTestNG.java:77)
]]>
    </failure>
  </testcase> <!-- @BeforeMethod Browsers -->
  <testcase classname="Common.utility" name="@AfterMethod afterMethod" time="-1.641753619602E9">
    <skipped/>
  </testcase> <!-- @AfterMethod afterMethod -->
  <testcase classname="Common.utility" name="@BeforeMethod Browsers" time="-1.641753619602E9">
    <skipped/>
  </testcase> <!-- @BeforeMethod Browsers -->
  <testcase classname="Common.utility" name="@AfterMethod afterMethod" time="-1.641753619606E9">
    <skipped/>
  </testcase> <!-- @AfterMethod afterMethod -->
  <testcase classname="Common.utility" name="@BeforeMethod Browsers" time="-1.641753619607E9">
    <skipped/>
  </testcase> <!-- @BeforeMethod Browsers -->
  <testcase classname="Common.utility" name="@AfterMethod afterMethod" time="-1.64175361961E9">
    <skipped/>
  </testcase> <!-- @AfterMethod afterMethod -->
  <testcase classname="Common.utility" name="@BeforeMethod Browsers" time="-1.641753619611E9">
    <skipped/>
  </testcase> <!-- @BeforeMethod Browsers -->
  <testcase classname="Common.utility" name="@AfterMethod afterMethod" time="-1.641753619616E9">
    <skipped/>
  </testcase> <!-- @AfterMethod afterMethod -->
  <testcase classname="PageObjectModel.Test_FaceBook" name="f" time="0.0">
    <skipped/>
  </testcase> <!-- f -->
  <testcase classname="PageObjectModel.Test_FaceBook" name="f" time="0.0">
    <skipped/>
  </testcase> <!-- f -->
  <testcase classname="PageObjectModel.Test_FaceBook" name="f" time="0.0">
    <skipped/>
  </testcase> <!-- f -->
  <testcase classname="PageObjectModel.Test_FaceBook" name="f" time="0.0">
    <skipped/>
  </testcase> <!-- f -->
</testsuite> <!-- Default test -->
